<?xml version="1.0" encoding="UTF-8"?>
<!-- Generated by org.testng.reporters.JUnitXMLReporter -->
<testsuite ignored="3" hostname="DESKTOP-BAS9I4H" failures="0" tests="1" name="test1" time="0.043" errors="0" timestamp="2021-03-26T22:45:15 EDT">
  <testcase classname="com.bit.test.RegressionTest" name="BuyPants" time="0.004"/>
  <testcase classname="com.bit.test.RegressionTest" name="BuyShirt" time="0.0">
    <ignored/>
  </testcase> <!-- BuyShirt -->
  <testcase classname="com.bit.test.DBTest" name="f" time="0.0">
    <ignored/>
  </testcase> <!-- f -->
  <testcase classname="com.bit.test.SmokeTest" name="test1" time="0.0">
    <ignored/>
  </testcase> <!-- test1 -->
</testsuite> <!-- test1 -->
